2024-03-06 10:49:07,568 [main] INFO  in.psk.LogBasedAppApplication                      - Starting LogBasedAppApplication using Java 17.0.10 with PID 2756 (D:\SpringWorkSpace\workspace-spring-tool-suite-4-4.21.1.RELEASE\LogBasedApp\target\classes started by HP in D:\SpringWorkSpace\workspace-spring-tool-suite-4-4.21.1.RELEASE\LogBasedApp)
2024-03-06 10:49:07,573 [main] INFO  in.psk.LogBasedAppApplication                      - No active profile set, falling back to 1 default profile: "default"
2024-03-06 10:49:08,953 [main] INFO  o.s.b.w.embedded.tomcat.TomcatWebServer            - Tomcat initialized with port 9093 (http)
2024-03-06 10:49:08,967 [main] INFO  o.apache.coyote.http11.Http11NioProtocol           - Initializing ProtocolHandler ["http-nio-9093"]
2024-03-06 10:49:08,969 [main] INFO  o.apache.catalina.core.StandardService             - Starting service [Tomcat]
2024-03-06 10:49:08,970 [main] INFO  org.apache.catalina.core.StandardEngine            - Starting Servlet engine: [Apache Tomcat/10.1.19]
2024-03-06 10:49:09,037 [main] INFO  o.a.c.c.C.[Tomcat].[localhost].[/]                 - Initializing Spring embedded WebApplicationContext
2024-03-06 10:49:09,038 [main] INFO  o.s.b.w.s.c.ServletWebServerApplicationContext     - Root WebApplicationContext: initialization completed in 1383 ms
2024-03-06 10:49:09,529 [main] INFO  o.apache.coyote.http11.Http11NioProtocol           - Starting ProtocolHandler ["http-nio-9093"]
2024-03-06 10:49:09,554 [main] INFO  o.s.b.w.embedded.tomcat.TomcatWebServer            - Tomcat started on port 9093 (http) with context path ''
2024-03-06 10:49:09,565 [main] INFO  in.psk.LogBasedAppApplication                      - Started LogBasedAppApplication in 2.564 seconds (process running for 4.066)
2024-03-06 10:49:43,339 [http-nio-9093-exec-1] INFO  o.a.c.c.C.[Tomcat].[localhost].[/]                 - Initializing Spring DispatcherServlet 'dispatcherServlet'
2024-03-06 10:49:43,339 [http-nio-9093-exec-1] INFO  o.s.web.servlet.DispatcherServlet                  - Initializing Servlet 'dispatcherServlet'
2024-03-06 10:49:43,339 [http-nio-9093-exec-1] INFO  o.s.web.servlet.DispatcherServlet                  - Completed initialization in 0 ms
2024-03-06 10:49:43,370 [http-nio-9093-exec-1] INFO  in.psk.AppService                                  - Log Info is Started...
2024-03-06 10:49:43,370 [http-nio-9093-exec-1] INFO  in.psk.AppService                                  - Log Info Is ended...
2024-03-06 10:49:43,370 [http-nio-9093-exec-1] WARN  in.psk.AppService                                  - Warn Is Started...
2024-03-06 10:49:43,370 [http-nio-9093-exec-1] ERROR in.psk.AppService                                  - Error is Started...
2024-03-06 10:54:09,461 [RMI TCP Connection(7)-127.0.0.1] INFO  o.s.b.a.SpringApplicationAdminMXBeanRegistrar$SpringApplicationAdmin - Application shutdown requested.
2024-03-06 10:54:09,467 [RMI TCP Connection(7)-127.0.0.1] INFO  o.apache.coyote.http11.Http11NioProtocol           - Stopping ProtocolHandler ["http-nio-9093"]
